0 info it worked if it ends with ok
1 verbose cli [ '/usr/local/bin/node', '/usr/local/bin/npm', 'publish', './' ]
2 info using npm@2.9.1
3 info using node@v0.12.3
4 verbose publish [ './' ]
5 silly cache add args [ './', null ]
6 verbose cache add spec ./
7 silly cache add parsed spec { raw: './',
7 silly cache add   scope: null,
7 silly cache add   name: null,
7 silly cache add   rawSpec: './',
7 silly cache add   spec: '/Users/ben/Documents/dev/mixx',
7 silly cache add   type: 'directory' }
8 verbose addLocalDirectory /Users/ben/.npm/mixx/0.0.14/package.tgz not in flight; packing
9 verbose tar pack [ '/Users/ben/.npm/mixx/0.0.14/package.tgz',
9 verbose tar pack   '/Users/ben/Documents/dev/mixx' ]
10 verbose tarball /Users/ben/.npm/mixx/0.0.14/package.tgz
11 verbose folder /Users/ben/Documents/dev/mixx
12 info prepublish mixx@0.0.14
13 verbose addLocalTarball adding from inside cache /Users/ben/.npm/mixx/0.0.14/package.tgz
14 silly cache afterAdd mixx@0.0.14
15 verbose afterAdd /Users/ben/.npm/mixx/0.0.14/package/package.json not in flight; writing
16 verbose afterAdd /Users/ben/.npm/mixx/0.0.14/package/package.json written
17 silly publish { name: 'mixx',
17 silly publish   version: '0.0.14',
17 silly publish   description: 'Enables mixing of prototypes.',
17 silly publish   keywords: [ 'mixin', 'mix', 'mix-in' ],
17 silly publish   homepage: 'https://github.com/benaston/mixx',
17 silly publish   bugs:
17 silly publish    { url: 'https://github.com/benaston/mixx/issues',
17 silly publish      email: 'ben@bj.ma' },
17 silly publish   license: 'MIT',
17 silly publish   files: [ 'dist/*' ],
17 silly publish   main: 'dist/mixx.min.js',
17 silly publish   private: false,
17 silly publish   dependencies: {},
17 silly publish   author:
17 silly publish    { name: 'Ben Aston',
17 silly publish      email: 'ben@bj.ma',
17 silly publish      url: 'http://www.bj.ma' },
17 silly publish   devDependencies:
17 silly publish    { grunt: '^0.4.5',
17 silly publish      'grunt-contrib-concat': '~0.3.0',
17 silly publish      'grunt-contrib-jshint': '^0.11.0',
17 silly publish      'grunt-contrib-uglify': '~0.2.2',
17 silly publish      'grunt-replace': '^0.7.8',
17 silly publish      'jasmine-node': '^1.14.5' },
17 silly publish   repository:
17 silly publish    { type: 'git',
17 silly publish      url: 'git+ssh://git@github.com/benaston/mixx.git' },
17 silly publish   readme: '# mixx\n\nAdds object methods to the prototype of a function, or as own-properties on an object.\n\nFile size: 727 bytes.<br/>\nSupported platforms: server and browser.<br/>\nSupported language versions: ES3 and above.\n\nAlso supports mixing of getter and setter properties when run within ES5 compliant systems.\n\n## Example\n\n```\nvar mix = window.mixx.mix;\n// -- OR --\nvar mix = require(\'mixx\').mix;\n\nfunction Foo() {}\nFoo.prototype.foo = function(){};\n\nfunction Bar() {}\nBar.prototype.bar = function(){};\n\nfunction Foobar() {}\n\nmix(Foobar, Foo.prototype, Bar.prototype);\n\nfor(var v in Foobar.prototype) {\n\tconsole.log(v);\n} // foo bar\n```\n\n## License & Copyright\n\nThis software is released under the MIT License. It is Copyright 2015, Ben Aston. I may be contacted at ben@bj.ma.\n\n## How to Contribute\n\nPull requests including bug fixes, new features and improved test coverage are welcomed. Please do your best, where possible, to follow the style of code found in the existing codebase.',
17 silly publish   readmeFilename: 'readme.md',
17 silly publish   gitHead: '77b396b57f0ab638b0b385218b6ebc2271ccc4ed',
17 silly publish   _id: 'mixx@0.0.14',
17 silly publish   scripts: {},
17 silly publish   _shasum: 'eaa52612b16b5c1d7af450adf2d2ea02f6519e29',
17 silly publish   _from: '.' }
18 verbose getPublishConfig undefined
19 silly mapToRegistry name mixx
20 silly mapToRegistry using default registry
21 silly mapToRegistry registry https://registry.npmjs.org/
22 silly mapToRegistry uri https://registry.npmjs.org/mixx
23 verbose publish registryBase https://registry.npmjs.org/
24 silly publish uploading /Users/ben/.npm/mixx/0.0.14/package.tgz
25 verbose request uri https://registry.npmjs.org/mixx
26 verbose request sending authorization for write operation
27 info attempt registry request try #1 at 9:31:52 PM
28 verbose request id 6a06eccb2298d7bf
29 http request PUT https://registry.npmjs.org/mixx
30 http 403 https://registry.npmjs.org/mixx
31 verbose headers { 'content-type': 'application/json',
31 verbose headers   'cache-control': 'max-age=60',
31 verbose headers   'content-length': '96',
31 verbose headers   'accept-ranges': 'bytes',
31 verbose headers   date: 'Tue, 23 Jun 2015 20:31:44 GMT',
31 verbose headers   via: '1.1 varnish',
31 verbose headers   connection: 'keep-alive',
31 verbose headers   'x-served-by': 'cache-lcy1135-LCY',
31 verbose headers   'x-cache': 'MISS',
31 verbose headers   'x-cache-hits': '0',
31 verbose headers   'x-timer': 'S1435091504.728358,VS0,VE255' }
32 verbose request invalidating /Users/ben/.npm/registry.npmjs.org/mixx on PUT
33 error publish Failed PUT 403
34 verbose stack Error: "You cannot publish over the previously published version 0.0.14." : mixx
34 verbose stack     at CachingRegistryClient.<anonymous> (/usr/local/lib/node_modules/npm/node_modules/npm-registry-client/lib/request.js:247:14)
34 verbose stack     at Request._callback (/usr/local/lib/node_modules/npm/node_modules/npm-registry-client/lib/request.js:170:14)
34 verbose stack     at Request.self.callback (/usr/local/lib/node_modules/npm/node_modules/request/request.js:368:22)
34 verbose stack     at Request.emit (events.js:110:17)
34 verbose stack     at Request.<anonymous> (/usr/local/lib/node_modules/npm/node_modules/request/request.js:1219:14)
34 verbose stack     at Request.emit (events.js:129:20)
34 verbose stack     at IncomingMessage.<anonymous> (/usr/local/lib/node_modules/npm/node_modules/request/request.js:1167:12)
34 verbose stack     at IncomingMessage.emit (events.js:129:20)
34 verbose stack     at _stream_readable.js:908:16
34 verbose stack     at process._tickCallback (node.js:355:11)
35 verbose statusCode 403
36 verbose pkgid mixx
37 verbose cwd /Users/ben/Documents/dev/mixx
38 error Darwin 14.4.0
39 error argv "/usr/local/bin/node" "/usr/local/bin/npm" "publish" "./"
40 error node v0.12.3
41 error npm  v2.9.1
42 error code E403
43 error "You cannot publish over the previously published version 0.0.14." : mixx
44 error If you need help, you may report this error at:
44 error     <https://github.com/npm/npm/issues>
45 verbose exit [ 1, true ]
